FINAL YEAR PROJECT-MAISHA/animalsensa/app/build/intermediates/manifest_merge_blame_file/debug/manifest-merger-blame-debug-report.txt
1<?xml version="1.0" encoding="utf-8"?>
2<manifest xmlns:android="http://schemas.android.com/apk/res/android"
3    package="com.jamada.animalsensa"
4    android:versionCode="1"
5    android:versionName="1.0" >
6
7    <uses-sdk
8        android:minSdkVersion="21"
8-->src\main\AndroidManifest.xml
9        android:targetSdkVersion="30" />
9-->src\main\AndroidManifest.xml
10
11    <uses-permission android:name="android.permission.INTERNET" />
11-->src\main\AndroidManifest.xml:5:5-67
11-->src\main\AndroidManifest.xml:5:22-64
12
13    <application
13-->src\main\AndroidManifest.xml:7:5-31:19
14        android:allowBackup="true"
14-->src\main\AndroidManifest.xml:8:9-35
15        android:appComponentFactory="androidx.core.app.CoreComponentFactory"
15-->[androidx.core:core:1.3.1] AndroidManifest.xml:24:18-86
16        android:debuggable="true"
17        android:icon="@mipmap/ic_launcher"
17-->src\main\AndroidManifest.xml:9:9-43
18        android:label="@string/app_name"
18-->src\main\AndroidManifest.xml:10:9-41
19        android:roundIcon="@mipmap/ic_launcher_round"
19-->src\main\AndroidManifest.xml:11:9-54
20        android:supportsRtl="true"
20-->src\main\AndroidManifest.xml:12:9-35
21        android:testOnly="true"
22        android:theme="@style/Theme.AnimalSensa" >
22-->src\main\AndroidManifest.xml:13:9-49
23        <activity android:name="com.jamada.animalsensa.AdminListActivity" />
23-->src\main\AndroidManifest.xml:14:9-64
23-->src\main\AndroidManifest.xml:14:19-52
24        <activity android:name="com.jamada.animalsensa.AdminActivity" />
24-->src\main\AndroidManifest.xml:15:9-51
24-->src\main\AndroidManifest.xml:15:19-48
25        <activity android:name="com.jamada.animalsensa.ListActivity" />
25-->src\main\AndroidManifest.xml:16:9-50
25-->src\main\AndroidManifest.xml:16:19-47
26        <activity
26-->src\main\AndroidManifest.xml:17:9-20:58
27            android:name="com.jamada.animalsensa.UpdateActivity"
27-->src\main\AndroidManifest.xml:18:13-43
28            android:label="Update"
28-->src\main\AndroidManifest.xml:19:13-35
29            android:parentActivityName="com.jamada.animalsensa.ListActivity" />
29-->src\main\AndroidManifest.xml:20:13-55
30        <activity android:name="com.jamada.animalsensa.SignupActivity" />
30-->src\main\AndroidManifest.xml:21:9-52
30-->src\main\AndroidManifest.xml:21:19-49
31        <activity android:name="com.jamada.animalsensa.MainActivity" />
31-->src\main\AndroidManifest.xml:22:9-50
31-->src\main\AndroidManifest.xml:22:19-47
32        <activity android:name="com.jamada.animalsensa.InputDataActivity" />
32-->src\main\AndroidManifest.xml:23:9-55
32-->src\main\AndroidManifest.xml:23:19-52
33        <activity android:name="com.jamada.animalsensa.LoginActivity" >
33-->src\main\AndroidManifest.xml:24:9-30:20
33-->src\main\AndroidManifest.xml:24:19-48
34            <intent-filter>
34-->src\main\AndroidManifest.xml:25:13-29:29
35                <action android:name="android.intent.action.MAIN" />
35-->src\main\AndroidManifest.xml:26:17-69
35-->src\main\AndroidManifest.xml:26:25-66
36
37                <category android:name="android.intent.category.LAUNCHER" />
37-->src\main\AndroidManifest.xml:28:17-77
37-->src\main\AndroidManifest.xml:28:27-74
38            </intent-filter>
39        </activity>
40    </application>
41
42</manifest>